0 info it worked if it ends with ok
1 verbose cli [ 'C:\\Program Files\\nodejs\\node.exe',
1 verbose cli   'C:\\Program Files\\nodejs\\node_modules\\npm\\bin\\npm-cli.js',
1 verbose cli   'publish' ]
2 info using npm@3.10.10
3 info using node@v6.9.5
4 verbose publish [ '.' ]
5 silly cache add args [ '.', null ]
6 verbose cache add spec .
7 silly cache add parsed spec Result {
7 silly cache add   raw: '.',
7 silly cache add   scope: null,
7 silly cache add   escapedName: null,
7 silly cache add   name: null,
7 silly cache add   rawSpec: '.',
7 silly cache add   spec: 'D:\\github\\nativescript-utils',
7 silly cache add   type: 'directory' }
8 verbose addLocalDirectory C:\Users\nicole\AppData\Roaming\npm-cache\nativescript-utils\1.0.41\package.tgz not in flight; packing
9 verbose correctMkdir C:\Users\nicole\AppData\Roaming\npm-cache correctMkdir not in flight; initializing
10 info lifecycle nativescript-utils@1.0.41~prepublish: nativescript-utils@1.0.41
11 silly lifecycle nativescript-utils@1.0.41~prepublish: no script for prepublish, continuing
12 verbose tar pack [ 'C:\\Users\\nicole\\AppData\\Roaming\\npm-cache\\nativescript-utils\\1.0.41\\package.tgz',
12 verbose tar pack   'D:\\github\\nativescript-utils' ]
13 verbose tarball C:\Users\nicole\AppData\Roaming\npm-cache\nativescript-utils\1.0.41\package.tgz
14 verbose folder D:\github\nativescript-utils
15 verbose addLocalTarball adding from inside cache C:\Users\nicole\AppData\Roaming\npm-cache\nativescript-utils\1.0.41\package.tgz
16 verbose correctMkdir C:\Users\nicole\AppData\Roaming\npm-cache correctMkdir not in flight; initializing
17 silly cache afterAdd nativescript-utils@1.0.41
18 verbose afterAdd C:\Users\nicole\AppData\Roaming\npm-cache\nativescript-utils\1.0.41\package\package.json not in flight; writing
19 verbose correctMkdir C:\Users\nicole\AppData\Roaming\npm-cache correctMkdir not in flight; initializing
20 verbose afterAdd C:\Users\nicole\AppData\Roaming\npm-cache\nativescript-utils\1.0.41\package\package.json written
21 silly publish { name: 'nativescript-utils',
21 silly publish   version: '1.0.41',
21 silly publish   description: 'Useful collection of functions',
21 silly publish   main: 'index.js',
21 silly publish   author: { name: 'Nicole Orpen', email: 'nicole.orpen@gmail.com' },
21 silly publish   repository:
21 silly publish    { type: 'git',
21 silly publish      url: 'git+https://github.com/nicoleza/nativescript-utils.git' },
21 silly publish   license: 'MIT',
21 silly publish   keywords: [ 'nativescript utils' ],
21 silly publish   dependencies:
21 silly publish    { moment: '^2.13.0',
21 silly publish      'nativescript-email': '^1.4.0',
21 silly publish      'nativescript-phone': '^1.2.4',
21 silly publish      sf: '^0.1.8' },
21 silly publish   readme: 'NativeScript Utils',
21 silly publish   bugs: { url: 'https://github.com/nicoleza/nativescript-utils/issues' },
21 silly publish   homepage: 'https://github.com/nicoleza/nativescript-utils#readme',
21 silly publish   gitHead: '834f05c50b836e3f34fe85877f0451b843f55810',
21 silly publish   _id: 'nativescript-utils@1.0.41',
21 silly publish   scripts: {},
21 silly publish   _shasum: '3c917ab8add637b53979df7d386eb20f979fe767',
21 silly publish   _from: '.' }
22 verbose getPublishConfig undefined
23 silly mapToRegistry name nativescript-utils
24 silly mapToRegistry using default registry
25 silly mapToRegistry registry https://registry.npmjs.org/
26 silly mapToRegistry data Result {
26 silly mapToRegistry   raw: 'nativescript-utils',
26 silly mapToRegistry   scope: null,
26 silly mapToRegistry   escapedName: 'nativescript-utils',
26 silly mapToRegistry   name: 'nativescript-utils',
26 silly mapToRegistry   rawSpec: '',
26 silly mapToRegistry   spec: 'latest',
26 silly mapToRegistry   type: 'tag' }
27 silly mapToRegistry uri https://registry.npmjs.org/nativescript-utils
28 verbose publish registryBase https://registry.npmjs.org/
29 silly publish uploading C:\Users\nicole\AppData\Roaming\npm-cache\nativescript-utils\1.0.41\package.tgz
30 verbose request uri https://registry.npmjs.org/nativescript-utils
31 verbose request sending authorization for write operation
32 info attempt registry request try #1 at 11:12:49 AM
33 verbose request using bearer token for auth
34 verbose request id a049b639527715b7
35 http request PUT https://registry.npmjs.org/nativescript-utils
36 http 403 https://registry.npmjs.org/nativescript-utils
37 verbose headers { 'content-type': 'application/json',
37 verbose headers   'cache-control': 'max-age=300',
37 verbose headers   'content-length': '96',
37 verbose headers   'accept-ranges': 'bytes',
37 verbose headers   date: 'Thu, 04 May 2017 09:09:41 GMT',
37 verbose headers   via: '1.1 varnish',
37 verbose headers   connection: 'keep-alive',
37 verbose headers   'x-served-by': 'cache-jnb7522-JNB',
37 verbose headers   'x-cache': 'MISS',
37 verbose headers   'x-cache-hits': '0',
37 verbose headers   'x-timer': 'S1493888979.479802,VS0,VE1657',
37 verbose headers   vary: 'Accept-Encoding' }
38 verbose request invalidating C:\Users\nicole\AppData\Roaming\npm-cache\registry.npmjs.org\nativescript-utils on PUT
39 error publish Failed PUT 403
40 verbose stack Error: "You cannot publish over the previously published version 1.0.41." : nativescript-utils
40 verbose stack     at makeError (C:\Program Files\nodejs\node_modules\npm\node_modules\npm-registry-client\lib\request.js:302:12)
40 verbose stack     at CachingRegistryClient.<anonymous> (C:\Program Files\nodejs\node_modules\npm\node_modules\npm-registry-client\lib\request.js:290:14)
40 verbose stack     at Request._callback (C:\Program Files\nodejs\node_modules\npm\node_modules\npm-registry-client\lib\request.js:210:14)
40 verbose stack     at Request.self.callback (C:\Program Files\nodejs\node_modules\npm\node_modules\request\request.js:187:22)
40 verbose stack     at emitTwo (events.js:106:13)
40 verbose stack     at Request.emit (events.js:191:7)
40 verbose stack     at Request.<anonymous> (C:\Program Files\nodejs\node_modules\npm\node_modules\request\request.js:1048:10)
40 verbose stack     at emitOne (events.js:96:13)
40 verbose stack     at Request.emit (events.js:188:7)
40 verbose stack     at IncomingMessage.<anonymous> (C:\Program Files\nodejs\node_modules\npm\node_modules\request\request.js:969:12)
41 verbose statusCode 403
42 verbose pkgid nativescript-utils
43 verbose cwd D:\github\nativescript-utils
44 error Windows_NT 10.0.14393
45 error argv "C:\\Program Files\\nodejs\\node.exe" "C:\\Program Files\\nodejs\\node_modules\\npm\\bin\\npm-cli.js" "publish"
46 error node v6.9.5
47 error npm  v3.10.10
48 error code E403
49 error "You cannot publish over the previously published version 1.0.41." : nativescript-utils
50 error If you need help, you may report this error at:
50 error     <https://github.com/npm/npm/issues>
51 verbose exit [ 1, true ]
